
> @workspace/kajal-furniture@0.0.0 build
> vite build

[36mvite v8.0.0 [32mbuilding client environment for production...[36m[39m
[2K
transforming...Γ£ô 3 modules transformed.
node.exe : 
[31mΓ£ù[39m Build 
failed in 61ms
At line:1 char:1
+ & "C:\Program 
Files\nodejs/node.exe" 
"C:\Program 
Files\nodejs/node_mo 
...
+ ~~~~~~~~~~~~~~~~~~~~~
~~~~~~~~~~~~~~~~~~~~~~~
~~~~~~~~~~~~~~~~~~~~~~~
~~
    + CategoryInfo     
         : NotSpecifi  
  ed: ([31mΓ£ù[39m   
  Build failed in 6    
1ms:String) [], Re    
moteException
    + FullyQualifiedEr 
   rorId : NativeComm  
  andError
 
[31merror during 
build:
[31mBuild failed with 
1 error:

[31m[builtin:vite-tran
sform] Error:[0m 
plugin `builtin:vite-tr
ansform` threw an error

Caused by:
    Tsconfig not found 
C:/QR CODES\tsconfig.ba
se.json
[31m
    at aggregateBinding
ErrorsIntoJsError (file
:///C:/QR%20CODES/artif
acts/kajal-furniture/no
de_modules/rolldown/dis
t/shared/error-CP8smW_P
.mjs:48:18)
    at 
unwrapBindingResult (fi
le:///C:/QR%20CODES/art
ifacts/kajal-furniture/
node_modules/rolldown/d
ist/shared/error-CP8smW
_P.mjs:18:128)
    at #build (file:///
C:/QR%20CODES/artifacts
/kajal-furniture/node_m
odules/rolldown/dist/sh
ared/rolldown-build-4Yn
QkA76.mjs:3311:34)
    at async 
buildEnvironment (file:
///C:/QR%20CODES/artifa
cts/kajal-furniture/nod
e_modules/vite/dist/nod
e/chunks/node.js:32794:
64)
    at async 
Object.build (file:///C
:/QR%20CODES/artifacts/
kajal-furniture/node_mo
dules/vite/dist/node/ch
unks/node.js:33216:19)
    at async 
Object.buildApp (file:/
//C:/QR%20CODES/artifac
ts/kajal-furniture/node
_modules/vite/dist/node
/chunks/node.js:33213:1
53)
    at async 
CAC.<anonymous> (file:/
//C:/QR%20CODES/artifac
ts/kajal-furniture/node
_modules/vite/dist/node
/cli.js:778:3) {
  errors: 
[Getter/Setter]
}[39m
